<?xml version="1.0" encoding="UTF-8"?>
<testng-results skipped="0" failed="0" total="1" passed="1">
  <reporter-output>
  </reporter-output>
  <suite name="Default suite" duration-ms="28" started-at="2016-02-25T18:30:08Z" finished-at="2016-02-25T18:30:08Z">
    <groups>
    </groups>
    <test name="Default test" duration-ms="28" started-at="2016-02-25T18:30:08Z" finished-at="2016-02-25T18:30:08Z">
      <class name="com.org.NetLogic.HelloWorldTest">
        <test-method status="PASS" signature="Login()[pri:0, instance:com.org.NetLogic.HelloWorldTest@ba4d54]" name="Login" duration-ms="13" started-at="2016-02-25T12:30:08Z" finished-at="2016-02-25T12:30:08Z">
          <reporter-output>
          </reporter-output>
        </test-method> <!-- Login -->
      </class> <!-- com.org.NetLogic.HelloWorldTest -->
    </test> <!-- Default test -->
  </suite> <!-- Default suite -->
</testng-results>
